2018-01-29 09:49:57,352 [Worker-0] INFO  o.e.m.c.i.l.LifecycleMappingFactory - Using org.maven.ide.eclipse.wtp.WarLifecycleMapping lifecycle mapping for MavenProject: com.appg.Komca:komca:1.0.00 @ C:\Users\leeyc\Chul_test\Komca家胶颇老_2018-01-24\Komca\pom.xml.
2018-01-29 09:49:57,352 [Worker-4] INFO  o.e.m.c.i.l.LifecycleMappingFactory - Using org.maven.ide.eclipse.wtp.WarLifecycleMapping lifecycle mapping for MavenProject: com.appg.Komca:komca:1.0.00 @ C:\Users\leeyc\Chul_test\Komca家胶颇老_2018-01-24\Komca\pom.xml.
2018-01-29 09:49:58,303 [Worker-4] WARN  o.e.m.c.i.embedder.EclipseLogger - The artifact aspectj:aspectjweaver:jar:1.5.4 has been relocated to org.aspectj:aspectjweaver:jar:1.5.4
2018-01-29 09:49:58,335 [Worker-0] WARN  o.e.m.c.i.embedder.EclipseLogger - The artifact aspectj:aspectjweaver:jar:1.5.4 has been relocated to org.aspectj:aspectjweaver:jar:1.5.4
2018-01-29 09:49:59,845 [Worker-0] WARN  o.e.m.c.i.embedder.EclipseLogger - The artifact aspectj:aspectjweaver:jar:1.5.4 has been relocated to org.aspectj:aspectjweaver:jar:1.5.4
2018-01-29 09:50:00,565 [Worker-0] INFO  o.e.m.c.i.embedder.EclipseLogger - Using 'UTF-8' encoding to copy filtered resources.
2018-01-29 09:50:00,567 [Worker-0] INFO  o.e.m.c.i.embedder.EclipseLogger - Copying 1 resource
2018-01-29 09:50:00,574 [Worker-0] INFO  o.e.m.c.i.embedder.EclipseLogger - Using 'UTF-8' encoding to copy filtered resources.
2018-01-29 09:50:00,575 [Worker-0] INFO  o.e.m.c.i.embedder.EclipseLogger - skip non existing resourceDirectory C:\Users\leeyc\Chul_test\Komca家胶颇老_2018-01-24\Komca\src\test\resources
2018-01-29 09:50:00,784 [Worker-2] INFO  o.e.m.c.i.l.LifecycleMappingFactory - Using org.maven.ide.eclipse.wtp.WarLifecycleMapping lifecycle mapping for MavenProject: com.appg.Komca:komca:1.0.00 @ C:\Users\leeyc\Chul_test\Komca家胶颇老_2018-01-24\Komca\pom.xml.
2018-01-29 09:50:01,815 [Worker-2] WARN  o.e.m.c.i.embedder.EclipseLogger - The artifact aspectj:aspectjweaver:jar:1.5.4 has been relocated to org.aspectj:aspectjweaver:jar:1.5.4
2018-01-29 09:50:02,224 [Worker-2] INFO  o.e.m.c.i.l.LifecycleMappingFactory - Using org.maven.ide.eclipse.wtp.WarLifecycleMapping lifecycle mapping for MavenProject: com.appg.Komca:komca:1.0.00 @ C:\Users\leeyc\Chul_test\Komca家胶颇老_2018-01-24\Komca\pom.xml.
2018-01-29 09:50:02,230 [Worker-2] WARN  o.e.m.c.i.embedder.EclipseLogger - The artifact aspectj:aspectjweaver:jar:1.5.4 has been relocated to org.aspectj:aspectjweaver:jar:1.5.4
2018-01-29 09:50:02,845 [Worker-4] WARN  o.e.m.c.i.embedder.EclipseLogger - The artifact aspectj:aspectjweaver:jar:1.5.4 has been relocated to org.aspectj:aspectjweaver:jar:1.5.4
2018-01-29 09:50:03,039 [Worker-4] INFO  o.e.m.c.i.embedder.EclipseLogger - Using 'UTF-8' encoding to copy filtered resources.
2018-01-29 09:50:03,043 [Worker-4] INFO  o.e.m.c.i.embedder.EclipseLogger - Copying 1 resource
2018-01-29 09:50:03,046 [Worker-4] INFO  o.e.m.c.i.embedder.EclipseLogger - Using 'UTF-8' encoding to copy filtered resources.
2018-01-29 09:50:03,047 [Worker-4] INFO  o.e.m.c.i.embedder.EclipseLogger - skip non existing resourceDirectory C:\Users\leeyc\Chul_test\Komca家胶颇老_2018-01-24\Komca\src\test\resources
2018-01-29 09:50:03,516 [Worker-2] WARN  o.e.m.c.i.embedder.EclipseLogger - The artifact aspectj:aspectjweaver:jar:1.5.4 has been relocated to org.aspectj:aspectjweaver:jar:1.5.4
2018-01-29 09:50:04,708 [Worker-3] WARN  o.e.m.c.i.embedder.EclipseLogger - The artifact aspectj:aspectjweaver:jar:1.5.4 has been relocated to org.aspectj:aspectjweaver:jar:1.5.4
2018-01-29 09:50:04,963 [Worker-3] INFO  o.e.m.c.i.embedder.EclipseLogger - Using 'UTF-8' encoding to copy filtered resources.
2018-01-29 09:50:04,964 [Worker-3] INFO  o.e.m.c.i.embedder.EclipseLogger - Copying 0 resource
2018-01-29 09:50:04,966 [Worker-3] INFO  o.e.m.c.i.embedder.EclipseLogger - Using 'UTF-8' encoding to copy filtered resources.
2018-01-29 09:50:04,966 [Worker-3] INFO  o.e.m.c.i.embedder.EclipseLogger - skip non existing resourceDirectory C:\Users\leeyc\Chul_test\Komca家胶颇老_2018-01-24\Komca\src\test\resources
2018-01-29 15:42:43,114 [Worker-2] WARN  o.e.m.c.i.embedder.EclipseLogger - The artifact aspectj:aspectjweaver:jar:1.5.4 has been relocated to org.aspectj:aspectjweaver:jar:1.5.4
2018-01-29 15:42:44,419 [Worker-2] INFO  o.e.m.c.i.embedder.EclipseLogger - Using 'UTF-8' encoding to copy filtered resources.
2018-01-29 15:42:44,424 [Worker-2] INFO  o.e.m.c.i.embedder.EclipseLogger - Copying 1 resource
2018-01-29 15:42:44,430 [Worker-2] INFO  o.e.m.c.i.embedder.EclipseLogger - Using 'UTF-8' encoding to copy filtered resources.
2018-01-29 15:42:44,430 [Worker-2] INFO  o.e.m.c.i.embedder.EclipseLogger - skip non existing resourceDirectory C:\Users\leeyc\Chul_test\Komca家胶颇老_2018-01-24\Komca\src\test\resources
